<?xml version="1.0" encoding="UTF-8"?>
<!-- Generated by org.testng.reporters.JUnitReportReporter -->
<testsuite hostname="Bronto" name="com.qa.rest.tests.GetAPIBDDFramework" tests="1" failures="0" timestamp="28 Jun 2020 22:15:02 GMT" time="3.961" errors="0">
  <testcase name="test_Employeenumber" time="3.961" classname="com.qa.rest.tests.GetAPIBDDFramework"/>
</testsuite> <!-- com.qa.rest.tests.GetAPIBDDFramework -->
